e:\opc-ua-1.02-.net-stackandsamples-336.0-20150707\comiop\bin\debug\intermediate\ua com server class library\ua com server class library.pch
e:\opc-ua-1.02-.net-stackandsamples-336.0-20150707\comiop\bin\debug\intermediate\ua com server class library\vc120.pdb
e:\opc-ua-1.02-.net-stackandsamples-336.0-20150707\comiop\bin\debug\intermediate\ua com server class library\stdafx.obj
e:\opc-ua-1.02-.net-stackandsamples-336.0-20150707\comiop\bin\debug\intermediate\ua com server class library\copcxmldocument.obj
e:\opc-ua-1.02-.net-stackandsamples-336.0-20150707\comiop\bin\debug\intermediate\ua com server class library\copcxmlattribute.obj
e:\opc-ua-1.02-.net-stackandsamples-336.0-20150707\comiop\bin\debug\intermediate\ua com server class library\copcxmlanytype.obj
e:\opc-ua-1.02-.net-stackandsamples-336.0-20150707\comiop\bin\debug\intermediate\ua com server class library\copcvariant.obj
e:\opc-ua-1.02-.net-stackandsamples-336.0-20150707\comiop\bin\debug\intermediate\ua com server class library\copcthreadpool.obj
e:\opc-ua-1.02-.net-stackandsamples-336.0-20150707\comiop\bin\debug\intermediate\ua com server class library\copcthread.obj
e:\opc-ua-1.02-.net-stackandsamples-336.0-20150707\comiop\bin\debug\intermediate\ua com server class library\copctextreader.obj
e:\opc-ua-1.02-.net-stackandsamples-336.0-20150707\comiop\bin\debug\intermediate\ua com server class library\copctext.obj
e:\opc-ua-1.02-.net-stackandsamples-336.0-20150707\comiop\bin\debug\intermediate\ua com server class library\copcstring.obj
e:\opc-ua-1.02-.net-stackandsamples-336.0-20150707\comiop\bin\debug\intermediate\ua com server class library\copcsecurity.obj
e:\opc-ua-1.02-.net-stackandsamples-336.0-20150707\comiop\bin\debug\intermediate\ua com server class library\copcfile.obj
e:\opc-ua-1.02-.net-stackandsamples-336.0-20150707\comiop\bin\debug\intermediate\ua com server class library\copcenumunknown.obj
e:\opc-ua-1.02-.net-stackandsamples-336.0-20150707\comiop\bin\debug\intermediate\ua com server class library\copcenumstring.obj
e:\opc-ua-1.02-.net-stackandsamples-336.0-20150707\comiop\bin\debug\intermediate\ua com server class library\copcenumcps.obj
e:\opc-ua-1.02-.net-stackandsamples-336.0-20150707\comiop\bin\debug\intermediate\ua com server class library\copccpcontainer.obj
e:\opc-ua-1.02-.net-stackandsamples-336.0-20150707\comiop\bin\debug\intermediate\ua com server class library\copcconnectionpoint.obj
e:\opc-ua-1.02-.net-stackandsamples-336.0-20150707\comiop\bin\debug\intermediate\ua com server class library\copccommon.obj
e:\opc-ua-1.02-.net-stackandsamples-336.0-20150707\comiop\bin\debug\intermediate\ua com server class library\copccommodule.obj
e:\opc-ua-1.02-.net-stackandsamples-336.0-20150707\comiop\bin\debug\intermediate\ua com server class library\copcclassfactory.obj
e:\opc-ua-1.02-.net-stackandsamples-336.0-20150707\comiop\bin\debug\intermediate\ua com server class library\copcbrowseelement.obj
e:\opc-ua-1.02-.net-stackandsamples-336.0-20150707\comiop\bin\debug\intermediate\ua com server class library\opcxmltype.obj
e:\opc-ua-1.02-.net-stackandsamples-336.0-20150707\comiop\bin\debug\intermediate\ua com server class library\opcutils.obj
e:\opc-ua-1.02-.net-stackandsamples-336.0-20150707\comiop\bin\debug\intermediate\ua com server class library\opcregistry.obj
e:\opc-ua-1.02-.net-stackandsamples-336.0-20150707\comiop\bin\debug\intermediate\ua com server class library\opcmatch.obj
e:\opc-ua-1.02-.net-stackandsamples-336.0-20150707\comiop\bin\debug\intermediate\ua com server class library\opccategory.obj
e:\opc-ua-1.02-.net-stackandsamples-336.0-20150707\comiop\bin\debug\intermediate\ua com server class library\copcxmlelement.obj
e:\opc-ua-1.02-.net-stackandsamples-336.0-20150707\comiop\bin\debug\opccomserver.lib
e:\opc-ua-1.02-.net-stackandsamples-336.0-20150707\comiop\bin\debug\intermediate\ua com server class library\ua com s.268ae545.tlog\cl.command.1.tlog
e:\opc-ua-1.02-.net-stackandsamples-336.0-20150707\comiop\bin\debug\intermediate\ua com server class library\ua com s.268ae545.tlog\cl.read.1.tlog
e:\opc-ua-1.02-.net-stackandsamples-336.0-20150707\comiop\bin\debug\intermediate\ua com server class library\ua com s.268ae545.tlog\cl.write.1.tlog
e:\opc-ua-1.02-.net-stackandsamples-336.0-20150707\comiop\bin\debug\intermediate\ua com server class library\ua com s.268ae545.tlog\lib-link.read.1.tlog
e:\opc-ua-1.02-.net-stackandsamples-336.0-20150707\comiop\bin\debug\intermediate\ua com server class library\ua com s.268ae545.tlog\lib-link.write.1.tlog
e:\opc-ua-1.02-.net-stackandsamples-336.0-20150707\comiop\bin\debug\intermediate\ua com server class library\ua com s.268ae545.tlog\lib.command.1.tlog
